         w __deregister_frame_info
         w __register_frame_info
         w _ITM_deregisterTMCloneTable
         w _ITM_registerTMCloneTable
         w _Jv_RegisterClasses
00000000 b .LANCHOR1
00000000 b _TLS_MODULE_BASE_
00000000 a shift
00000000 00002000 b tmp_buffer.6528
00001ff8 b .LANCHOR2
00002000 00000401 b __fixedpath
00002404 00000802 b __utf16path
00002c08 00000802 b __utf16path_old.6599
00100000 T __start__
00100000 T _start
00100008 T __service_ptr
0010000c T __apt_appid
00100010 T __heap_size
00100014 T __linear_heap_size
00100018 T __system_arglist
0010001c T __system_runflags
00100020 t startup
00100058 t ClearMem
0010006c t ClrLoop
00100094 T _init
001000ac t deregister_tm_clones
001000dc t register_tm_clones
00100114 t __do_global_dtors_aux
00100158 t frame_dummy
001001b4 T initSystem
001001f8 T __ctru_exit
00100218 00000008 t null_write
00100220 00000018 T setDefaultDevice
00100238 000000bc T FindDevice
001002f4 0000002c T RemoveDevice
00100320 00000098 T AddDevice
001003b8 00000024 T GetDeviceOpTab
001003dc 0000007c T _close_r
00100458 0000006c T _fstat_r
001004c4 00000008 T _isatty_r
001004cc 00000078 T _lseek_r
00100544 000000c8 T _open_r
0010060c 00000078 T _read_r
00100684 00000070 T _sbrk_r
001006f4 00000078 T _write_r
0010076c 000001bc T _concatenate_path
00100928 00000154 T chdir
00100a7c 000000a0 T getcwd
00100b1c 00000008 T __flockfile
00100b24 00000008 T __funlockfile
00100b2c 00000018 T __libc_lock_init
00100b44 00000018 T __libc_lock_acquire
00100b5c 00000024 T __libc_lock_try_acquire
00100b80 00000018 T __libc_lock_release
00100b98 00000018 T __libc_lock_close
00100bb0 00000018 T __libc_lock_init_recursive
00100bc8 00000018 T __libc_lock_acquire_recursive
00100be0 00000024 T __libc_lock_try_acquire_recursive
00100c04 00000018 T __libc_lock_release_recursive
00100c1c 00000018 T __libc_lock_close_recursive
00100c34 00000044 T __free_handle
00100c78 0000003c T __release_handle
00100cb4 00000078 T __alloc_handle
00100d2c 0000001c T __get_handle
00100d48 000000a4 T dup
00100dec 0000010c T dup2
00100ef8 00000028 T __getreent
00100f20 t .udivsi3_skip_div0_test
00100f20 T __aeabi_uidiv
00100f20 000001ec T __udivsi3
0010110c 00000020 T __aeabi_uidivmod
0010112c 00000004 W __aeabi_idiv0
0010112c 00000004 W __aeabi_ldiv0
00101148 00000390 T strcmp
001014e0 0000011c T renderEffect
001015fc 000000ec T main
001016e8 0000008c t gfxSetFramebufferInfo.part.0
00101774 00000070 T gfxSetFramebufferInfo
001017e4 00000088 T gfxWriteFramebufferInfo
0010186c 000001d0 T gfxInit
00101a3c 00000010 T gfxInitDefault
00101a4c 000000e0 T gfxExit
00101b2c 000000b0 T gfxGetFramebuffer
00101bdc 00000070 T gfxConfigScreen
00101c4c 00000020 T gfxSwapBuffersGpu
00101c6c 00000068 t __apt_initservicehandle
00101cd4 00000004 W _aptDebug
00101cd8 00000098 T aptInitCaptureInfo
00101d70 00000028 T aptWaitStatusEvent
00101d98 00000060 T aptGetMenuAppID
00101df8 0000006c T aptSetStatus
00101e64 00000048 T APT_GetLockHandle
00101eac 00000060 T APT_Initialize
00101f0c 00000034 T APT_Finalize
00101f40 00000048 T APT_InquireNotification
00101f88 0000002c T APT_PrepareToJumpToHomeMenu
00101fb4 00000050 T APT_JumpToHomeMenu
00102004 00000034 T APT_PrepareToJumpToApplication
00102038 00000050 T APT_JumpToApplication
00102088 00000034 T APT_NotifyToWait
001020bc 0000007c T APT_AppletUtility
00102138 00000188 T aptAppletUtility_Exit_RetToApp
001022c0 0000003c T aptAppletClosed
001022fc 00000114 t aptAppStarted
00102410 00000298 T aptInit
001026a8 0000006c T APT_ReceiveParameter
00102714 00000064 T APT_SendParameter
00102778 00000044 T APT_SendCaptureBufferInfo
001027bc 00000264 T aptReturnToMenu
00102a20 00000038 T APT_ReplySleepQuery
00102a58 00000034 T APT_ReplySleepNotificationComplete
00102a8c 000003f4 T aptEventHandler
00102e80 00000034 T APT_PrepareToCloseApplication
00102eb4 00000050 T APT_CloseApplication
00102f04 000002d0 T aptExit
001031d4 0000006c T APT_CheckNew3DS_System
00103240 0000008c T APT_CheckNew3DS
001032cc 00000054 T APT_StartLibraryApplet
00103320 00000174 T aptAppletStarted
00103494 000001a4 T aptMainLoop
00103638 00000124 t gspEventThreadMain
0010375c 00000074 T gspInit
001037d0 0000003c T gspExit
0010380c 000000d0 T gspInitEventHandler
001038dc 0000005c T gspExitEventHandler
00103938 00000058 T gspWaitForEvent
00103990 0000006c T GSPGPU_SetBufferSwap
001039fc 00000034 T GSPGPU_SetLcdForceBlack
00103a30 00000064 T GSPGPU_RegisterInterruptRelayQueue
00103a94 0000002c T GSPGPU_UnregisterInterruptRelayQueue
00103ac0 00000048 T GSPGPU_AcquireRight
00103b08 0000002c T GSPGPU_ReleaseRight
00103b34 00000080 T GSPGPU_ImportDisplayCaptureInfo
00103bb4 0000002c T GSPGPU_SaveVramSysArea
00103be0 0000002c T GSPGPU_RestoreVramSysArea
00103c0c 000000d8 T hidExit
00103ce4 00000238 T hidScanInput
00103f1c 00000010 T hidKeysHeld
00103f2c 00000090 T HIDUSER_GetHandles
00103fbc 00000184 T hidInit
00104140 000000b0 T irrstScanInput
001041f0 0000001c T irrstKeysHeld
0010420c 00000050 T IRRST_GetHandles
0010425c 00000148 T irrstInit
001043a4 0000002c T IRRST_Shutdown
001043d0 000000b0 T irrstExit
00104480 000000f4 T __system_initArgv
00104574 00000038 W __libctru_init
001045ac 00000030 t __ctru_get_reent
001045dc 000000e8 T __system_initSyscalls
001046c4 T svcControlMemory
001046e4 T svcExitProcess
001046ec T svcCreateThread
0010470c T svcExitThread
00104714 T svcCreateEvent
00104728 T svcSignalEvent
00104730 T svcClearEvent
00104738 T svcMapMemoryBlock
00104740 T svcUnmapMemoryBlock
00104748 T svcCreateAddressArbiter
0010475c T svcArbitrateAddress
00104774 T svcCloseHandle
0010477c T svcWaitSynchronization
00104784 T svcWaitSynchronizationN
001047ac T svcDuplicateHandle
001047c0 T svcGetSystemTick
001047c8 T svcGetSystemInfo
001047e0 T svcConnectToPort
001047f4 T svcSendSyncRequest
001047fc T svcBreak
00104804 00000024 t addrMapNodeComparator(rbtree_node const*, rbtree_node const*)
00104828 00000004 t addrMapNodeDestructor(rbtree_node*)
0010482c 00000140 T linearMemAlign
0010496c 00000008 T linearAlloc
00104974 00000050 T linearFree
001049c4 00000024 t addrMapNodeComparator(rbtree_node const*, rbtree_node const*)
001049e8 00000004 t addrMapNodeDestructor(rbtree_node*)
001049ec 000000f4 T mappableAlloc
00104ae0 00000050 T mappableFree
00104b30 000000a0 T MemPool::CoalesceRight(MemBlock*)
00104bd0 0000018c T MemPool::Allocate(MemChunk&, unsigned long, int)
00104d5c 00000104 T MemPool::Deallocate(MemChunk const&)
00104e60 00000024 t addrMapNodeComparator(rbtree_node const*, rbtree_node const*)
00104e84 00000004 t addrMapNodeDestructor(rbtree_node*)
00104e88 00000130 T vramMemAlign
00104fb8 00000008 T vramAlloc
00104fc0 00000050 T vramFree
00105010 00000094 T envGetHandle
001050a4 0000004c T envDestroyHandles
001050f0 00000058 t getSysTime
00105148 00000024 T osGetMemRegionUsed
00105170 000000f4 T __libctru_gtod
00105268 00000034 T __ctru_speedup_config
0010529c 00000050 T srvExit
001052ec 00000038 T srvRegisterClient
00105324 00000070 T srvInit
00105394 00000068 T srvGetServiceHandleDirect
001053fc 00000038 T srvGetServiceHandle
00105434 00000034 t LightLock_Unlock.part.1
00105468 0000000c T __sync_init
00105474 00000018 T __sync_fini
0010548c 00000018 T LightLock_Init
001054a4 00000094 T LightLock_Lock
00105538 00000034 T LightLock_TryLock
0010556c 00000020 T LightLock_Unlock
0010558c 00000024 T RecursiveLock_Init
001055b0 00000030 T RecursiveLock_Lock
001055e0 00000058 T RecursiveLock_TryLock
00105638 00000038 T RecursiveLock_Unlock
00105670 000001c8 T threadCreate
00105838 00000024 T threadJoin
0010585c 0000006c T threadExit
001058c8 0000003c t _thread_begin
00105904 00000070 T ptmSysmInit
00105974 00000034 T ptmSysmExit
001059a8 00000034 T PTMSYSM_ConfigureNew3DSCPU
001059dc 00000070 T rbtree_find
00105a4c 00000014 T rbtree_init
00105a60 000001d4 t do_insert
00105c34 00000008 T rbtree_insert
00105c3c 0000035c T rbtree_remove
00105f98 000000ac T rbtree_rotate
00106044 00000058 t osGetMemRegionSize
0010609c 00000124 W __system_allocateHeaps
001061c0 0000001c W __appExit
001061dc 0000001c W __appInit
001061f8 000000a4 W __libctru_exit
0010629c 00000010 t sdmc_link
001062ac 00000010 t sdmc_dirreset
001062bc 00000010 t sdmc_chmod
001062cc 00000010 t sdmc_fchmod
001062dc 00000024 t error_cmp
00106300 00000050 t sdmc_translate_error
00106350 00000034 t sdmc_fsync
00106384 00000054 t sdmc_ftruncate
001063d8 000000ac t sdmc_statvfs
00106484 00000038 t sdmc_dirclose
001064bc 000000e0 t sdmc_dirnext
0010659c 00000034 t sdmc_close
001065d0 00000074 t sdmc_fstat
00106644 000000c0 t sdmc_seek
00106704 0000008c t sdmc_read
00106790 00000108 t sdmc_write
00106898 000001b4 t sdmc_utf16path
00106a4c 00000080 t sdmc_rmdir
00106acc 0000009c t sdmc_diropen
00106b68 000000a8 t sdmc_chdir
00106c10 00000084 t sdmc_mkdir
00106c94 00000138 t sdmc_rename
00106dcc 00000080 t sdmc_unlink
00106e4c 00000120 t sdmc_stat
00106f6c 000001ac t sdmc_open
00107118 00000134 T sdmcInit
0010724c 00000050 T sdmcExit
0010729c 000000c8 T fsInit
00107364 00000034 T fsExit
00107398 000000dc T FSUSER_OpenFile
00107474 000000b8 T FSUSER_DeleteFile
0010752c 000000f4 T FSUSER_RenameFile
00107620 000000b8 T FSUSER_DeleteDirectory
001076d8 000000d0 T FSUSER_CreateFile
001077a8 000000c0 T FSUSER_CreateDirectory
00107868 000000f4 T FSUSER_RenameDirectory
0010795c 000000c4 T FSUSER_OpenDirectory
00107a20 000000bc T FSUSER_OpenArchive
00107adc 00000088 T FSUSER_CloseArchive
00107b64 0000008c T FSUSER_GetSdmcArchiveResource
00107bf0 00000064 T FSUSER_IsSdmcWritable
00107c54 0000005c T FSFILE_Read
00107cb0 00000064 T FSFILE_Write
00107d14 0000003c T FSFILE_GetSize
00107d50 0000002c T FSFILE_SetSize
00107d7c 0000003c T FSFILE_Close
00107db8 00000024 T FSFILE_Flush
00107ddc 00000054 T FSDIR_Read
00107e30 0000003c T FSDIR_Close
00107e6c 0000008c T rbtree_node_next
00107ef8 00000138 T decode_utf8
00108030 000000e4 T utf16_to_utf8
00108114 000000bc T utf8_to_utf16
001081d0 T __aeabi_read_tp
001081dc 00000060 T decode_utf16
0010823c 00000068 T encode_utf16
001082a4 00000104 T encode_utf8
001083a8 00000078 T bsearch
00108420 00000120 T _fclose_r
00108540 00000018 T fclose
00108558 00000230 T __sflush_r
00108788 00000090 T _fflush_r
00108818 00000038 T fflush
00108850 0000000c T _cleanup_r
0010885c 00000080 t std.isra.0
001088dc 00000048 T __sfmoreglue
00108924 0000008c T __sinit
001089b0 0000011c T __sfp
00108acc 0000000c T __sfp_lock_acquire
00108ad8 0000000c T __sfp_lock_release
00108ae4 0000003c T __libc_fini_array
00108b20 0000013c T _fopen_r
00108c5c 00000020 T fopen
00108c7c 000002ec T _fread_r
00108f68 00000038 T fread
00108fa0 000000f8 T _malloc_trim_r
00109098 000002e4 T _free_r
0010937c 00000004 T _fseek_r
00109380 00000028 T fseek
001093a8 000004f8 T _fseeko_r
001098a0 00000018 T ftell
001098b8 00000164 T _ftello_r
00109a1c 00000078 T _fwalk
00109a94 00000080 T _fwalk_reent
00109b14 00000078 T __libc_init_array
00109b8c 00000160 T __smakebuf_r
00109cec 00000020 T memalign
00109d0c 0000015c T _memalign_r
00109e68 00000018 T malloc
00109e80 00000018 T free
00109e98 000007a8 T _malloc_r
0010a640 000000f0 T memcpy
0010a730 000000f4 T memset
0010a824 0000000c T __malloc_lock
0010a830 0000000c T __malloc_unlock
0010a83c 0000001c t lflush
0010a858 000001d8 T __srefill_r
0010aa30 00000030 T __sread
0010aa60 00000054 T __swrite
0010aab4 0000002c T __sseek
0010aae0 00000008 T __sclose
0010aae8 0000005c T strlen
0010ab44 000000a4 T strncat
0010abe8 000000e0 T strncpy
0010acc8 000000b0 T __sflags
0010ad78 0000000c T __errno
0010ad84 0000015c T strchr
0010aee0 0000011c T strncmp
0010affc 0000005c T strnlen
0010b058 00000044 T strrchr
0010b09c T _fini
0010c000 00000014 r CSWTCH.21
0010c014 00000008 r framebufferInfoSt
0010c01c 0000000c r __apt_servicenames
0010c028 00000030 r error_table
0010c058 00000068 R dotab_stdnull
0010c0c0 00000003 R DIRECTORY_PARENT
0010c0c4 00000002 R DIRECTORY_THIS
0010c0c8 00000002 R DIRECTORY_SEPARATOR
0010c148 00000004 R _global_impure_ptr
0010c154 00000101 R _ctype_
0010c258 r __EH_FRAME_BEGIN__
0010c258 R __exidx_end
0010c258 R __exidx_start
0010d000 00000800 D costable
0010d800 00000001 d topFormat
0010d801 00000001 d botFormat
0010d804 00000008 d doubleBuf
0010d80c W __stacksize__
0010d810 00000401 d __cwd
0010dc18 00000018 d sdmcArchive
0010dc30 00000068 d sdmc_devoptab
0010dc98 00000004 d defaultDevice
0010dc9c 00000040 D devoptab_list
0010dcdc 00001000 d _current_working_directory
0010ecdc 0000000c d __stdin_handle
0010ece8 0000000c d __stdout_handle
0010ecf4 0000000c d __stderr_handle
0010ed00 00000004 d __hndl_lock
0010ed04 00001000 d handles
0010fd04 0000000c d __sfp_lock
0010fd10 0000000c d __sinit_lock
0010fd20 00000440 d impure_data
00110160 00000004 D _impure_ptr
00110164 00000408 D __malloc_av_
0011056c 00000004 D __malloc_trim_threshold
00110570 00000004 D __malloc_sbrk_base
00110574 0000000c d __malloc_lock_object
00110580 00000004 D __ctype_ptr__
00110584 t __frame_dummy_init_array_entry
00110584 T __init_array_start
00110584 d __JCR_LIST__
00110584 B __preinit_array_end
00110584 B __preinit_array_start
00110584 D __tdata_lma
00110584 D __tdata_lma_end
00110584 D __TMC_END__
00110584 d __TMC_LIST__
00110588 t __do_global_dtors_aux_fini_array_entry
00110588 T __fini_array_start
00110588 T __init_array_end
0011058c T __bss_start__
0011058c T __fini_array_end
0011058c b completed.6505
00110590 b object.6510
001105a8 00000004 b cnt.9840
001105ac 00000001 b enable3d
001105b0 00000004 b screenFree
001105b4 00000002 b currentBuffer
001105b8 00000004 b __apt_servicestr
001105bc 0000000c b aptFirstHook
001105c8 00000001 B aptStatus
001105cc 00000004 b aptRefCount
001105d0 00000002 b __apt_launchapplet_appID
001105d4 00000020 b __ns_capinfo
001105f4 00000001 B aptStatusBeforeSleep
001105f8 00000004 b __apt_launchapplet_parambuf
001105fc 00000004 b __apt_launchapplet_parambufsize
00110600 00000004 b __apt_new3dsflag_initialized
00110604 00000001 b __apt_new3dsflag
00110608 00000004 b __apt_launchapplet_inhandle
0011060c 00000004 b gspEvent
00110610 00000004 b gspEventData
00110614 00000004 b gspRefCount
00110618 00000004 b hidRefCount
0011061c 00000004 b kOld
00110620 00000004 b kHeld
00110624 00000004 b cPos
00110628 00000004 b tPos
0011062c 00000006 b aVec
00110634 00000006 b gRate
0011063c 00000004 b kDown
00110640 00000004 b kUp
00110644 00000004 b irrstRefCount
00110648 00000004 b kHeld
0011064c 00000004 b csPos
00110650 b saved_stack
00110658 00000008 b sLinearPool
00110660 0000000c b sAddrMap
0011066c 00000008 b sMappablePool
00110674 0000000c b sAddrMap
00110680 00000008 b sVramPool
00110688 0000000c b sAddrMap
00110694 00000001 V __ctru_speedup
00110698 00000004 b srvRefCount
0011069c 00000004 b srvHandle
001106a0 00000004 b arbiter
001106a4 00000004 b ptmSysmRefCount
001106a8 00000004 b ptmSysmHandle
001106ac 00000001 b sdmcInitialised
001106b0 00000004 b fsuRefCount
001106b4 00000004 b fsuHandle
001106b8 00000004 b heap_start.5704
001106bc 00000004 B fake_heap_start
001106c0 00000004 B fake_heap_end
001106c4 00001000 b temp_cwd
001116c4 00000038 B __syscalls
001116fc 00000004 B __malloc_max_total_mem
00111700 00000004 B __malloc_max_sbrked_mem
00111704 00000004 B __malloc_top_pad
00111708 00000028 B __malloc_current_mallinfo
00111730 00000004 B buffer
00111734 00000008 B gfxBottomFramebuffers
0011173c 00000004 B gspSharedMemHandle
00111740 0000001c B bottomFramebufferInfo
0011175c 00000004 B gspEvent
00111760 00000008 B gfxTopLeftFramebuffers
00111768 00000008 B gfxTopRightFramebuffers
00111770 0000001c B topFramebufferInfo
0011178c 00000001 B gfxThreadID
00111790 00000004 B gfxSharedMemory
00111794 00000004 B gxCmdBuf
00111798 00000004 B aptEventHandlerThread
0011179c 00000004 B aptSleepSync
001117a0 00001000 B aptParameters
001127a0 00000004 B aptuHandle
001127a4 0000000c B aptEvents
001127b0 00000004 B aptStatusEvent
001127b4 00000004 B aptStatusPower
001127b8 00000004 B aptStatusMutex
001127bc 00000004 B aptLockHandle
001127c0 00000002 B currentAppId
001127c4 00000007 B gspEventCbOneShot
001127cc 0000001c B gspEventCb
001127e8 00000004 B gspGpuHandle
001127ec 00000004 B gspEventThread
001127f0 0000001c B gspEventCounts
0011280c 0000001c B gspEvents
00112828 00000001 B gspRunEvents
0011282c 0000001c B gspEventCbData
00112848 00000004 B hidMemHandle
0011284c 00000004 B hidHandle
00112850 00000004 B hidSharedMem
00112854 00000014 B hidEvents
00112868 00000004 B irrstHandle
0011286c 00000004 B irrstEvent
00112870 00000004 B irrstMemHandle
00112874 00000004 B irrstSharedMem
00112878 00000004 B __system_argv
0011287c 00000004 B __system_argc
00112880 00000004 B __system_retAddr
00112884 00000004 B __ctru_heap_size
00112888 00000004 B __ctru_linear_heap
0011288c 00000004 B __ctru_heap
00112890 00000004 B __ctru_linear_heap_size
00112894 B __tls_start
00115ca0 B __bss_end__
00115ca0 A __end__
00115ca0 B __tls_end
